<?xml version="1.0" encoding="UTF-8"?>
<!-- Generated by org.testng.reporters.JUnitXMLReporter -->
<testsuite hostname="Mario" ignored="0" name="Default test" tests="4" failures="0" timestamp="12 Jul 2018 19:03:43 GMT" time="0.066" errors="0">
  <testcase name="first" time="0.005" classname="pack.NewTest"/>
  <testcase name="second" time="0.002" classname="pack.NewTest"/>
  <testcase name="goOne" time="0.004" classname="pack.go"/>
  <testcase name="goTwo" time="0.002" classname="pack.go"/>
</testsuite> <!-- Default test -->
