<?xml version="1.0" encoding="UTF-8"?>
<!-- Generated by org.testng.reporters.JUnitXMLReporter -->
<testsuite hostname="Mario" ignored="0" name="Test" tests="4" failures="0" timestamp="03 Aug 2018 21:16:55 GMT" time="0.074" errors="0">
  <testcase name="first" time="0.006" classname="pack.NewTest"/>
  <testcase name="second" time="0.0" classname="pack.NewTest"/>
  <testcase name="goOne" time="0.006" classname="pack.go"/>
  <testcase name="goTwo" time="0.0" classname="pack.go"/>
</testsuite> <!-- Test -->
