<?xml version="1.0" encoding="UTF-8"?>
<testng-results skipped="0" failed="0" ignored="0" total="1" passed="1">
  <reporter-output>
  </reporter-output>
  <suite name="Default suite" duration-ms="22882" started-at="2018-07-12T10:58:40Z" finished-at="2018-07-12T10:59:03Z">
    <groups>
      <group name="cucumber">
        <method signature="AbstractTestNGCucumberTests.feature(cucumber.api.testng.CucumberFeatureWrapper)[pri:0, instance:pack.TestRunner@7e0b0338]" name="feature" class="cucumber.api.testng.AbstractTestNGCucumberTests"/>
      </group> <!-- cucumber -->
    </groups>
    <test name="Default test" duration-ms="22882" started-at="2018-07-12T10:58:40Z" finished-at="2018-07-12T10:59:03Z">
      <class name="pack.TestRunner">
        <test-method status="PASS" signature="setUpClass()[pri:0, instance:pack.TestRunner@7e0b0338]" name="setUpClass" is-config="true" duration-ms="298" started-at="2018-07-12T12:58:40Z" finished-at="2018-07-12T12:58:40Z">
          <reporter-output>
          </reporter-output>
        </test-method> <!-- setUpClass -->
        <test-method status="PASS" signature="feature(cucumber.api.testng.CucumberFeatureWrapper)[pri:0, instance:pack.TestRunner@7e0b0338]" name="feature" duration-ms="22380" started-at="2018-07-12T12:58:40Z" description="Runs Cucumber Feature" data-provider="features" finished-at="2018-07-12T12:59:03Z">
          <params>
            <param index="0">
              <value>
                <![CDATA[Login func]]>
              </value>
            </param>
          </params>
          <reporter-output>
          </reporter-output>
        </test-method> <!-- feature -->
        <test-method status="PASS" signature="tearDownClass()[pri:0, instance:pack.TestRunner@7e0b0338]" name="tearDownClass" is-config="true" duration-ms="93" started-at="2018-07-12T12:59:03Z" finished-at="2018-07-12T12:59:03Z">
          <reporter-output>
          </reporter-output>
        </test-method> <!-- tearDownClass -->
      </class> <!-- pack.TestRunner -->
    </test> <!-- Default test -->
  </suite> <!-- Default suite -->
</testng-results>
